Determining if the pthread_create exist failed with the following output:
Change Dir: /home/arpae/Documents/ROS1-URAP/catkin_ws/build/CMakeFiles/CMakeTmp

Run Build Command:"/usr/bin/make" "cmTC_93671/fast"
/usr/bin/make -f CMakeFiles/cmTC_93671.dir/build.make CMakeFiles/cmTC_93671.dir/build
make[1]: Entering directory '/home/arpae/Documents/ROS1-URAP/catkin_ws/build/CMakeFiles/CMakeTmp'
Building C object CMakeFiles/cmTC_93671.dir/CheckSymbolExists.c.o
/usr/bin/cc    -o CMakeFiles/cmTC_93671.dir/CheckSymbolExists.c.o   -c /home/arpae/Documents/ROS1-URAP/catkin_ws/build/CMakeFiles/CMakeTmp/CheckSymbolExists.c
Linking C executable cmTC_93671
/usr/bin/cmake -E cmake_link_script CMakeFiles/cmTC_93671.dir/link.txt --verbose=1
/usr/bin/cc      -rdynamic CMakeFiles/cmTC_93671.dir/CheckSymbolExists.c.o  -o cmTC_93671 
CMakeFiles/cmTC_93671.dir/CheckSymbolExists.c.o: In function `main':
CheckSymbolExists.c:(.text+0x1b): undefined reference to `pthread_create'
collect2: error: ld returned 1 exit status
CMakeFiles/cmTC_93671.dir/build.make:97: recipe for target 'cmTC_93671' failed
make[1]: *** [cmTC_93671] Error 1
make[1]: Leaving directory '/home/arpae/Documents/ROS1-URAP/catkin_ws/build/CMakeFiles/CMakeTmp'
Makefile:126: recipe for target 'cmTC_93671/fast' failed
make: *** [cmTC_93671/fast] Error 2

File /home/arpae/Documents/ROS1-URAP/catkin_ws/build/CMakeFiles/CMakeTmp/CheckSymbolExists.c:
/* */
#include <pthread.h>

int main(int argc, char** argv)
{
  (void)argv;
#ifndef pthread_create
  return ((int*)(&pthread_create))[argc];
#else
  (void)argc;
  return 0;
#endif
}

Determining if the function pthread_create exists in the pthreads failed with the following output:
Change Dir: /home/arpae/Documents/ROS1-URAP/catkin_ws/build/CMakeFiles/CMakeTmp

Run Build Command:"/usr/bin/make" "cmTC_2518d/fast"
/usr/bin/make -f CMakeFiles/cmTC_2518d.dir/build.make CMakeFiles/cmTC_2518d.dir/build
make[1]: Entering directory '/home/arpae/Documents/ROS1-URAP/catkin_ws/build/CMakeFiles/CMakeTmp'
Building C object CMakeFiles/cmTC_2518d.dir/CheckFunctionExists.c.o
/usr/bin/cc   -DCHECK_FUNCTION_EXISTS=pthread_create   -o CMakeFiles/cmTC_2518d.dir/CheckFunctionExists.c.o   -c /usr/share/cmake-3.10/Modules/CheckFunctionExists.c
Linking C executable cmTC_2518d
/usr/bin/cmake -E cmake_link_script CMakeFiles/cmTC_2518d.dir/link.txt --verbose=1
/usr/bin/cc  -DCHECK_FUNCTION_EXISTS=pthread_create    -rdynamic CMakeFiles/cmTC_2518d.dir/CheckFunctionExists.c.o  -o cmTC_2518d -lpthreads 
/usr/bin/ld: cannot find -lpthreads
collect2: error: ld returned 1 exit status
CMakeFiles/cmTC_2518d.dir/build.make:97: recipe for target 'cmTC_2518d' failed
make[1]: *** [cmTC_2518d] Error 1
make[1]: Leaving directory '/home/arpae/Documents/ROS1-URAP/catkin_ws/build/CMakeFiles/CMakeTmp'
Makefile:126: recipe for target 'cmTC_2518d/fast' failed
make: *** [cmTC_2518d/fast] Error 2


